Original: Spine Mobilizer → Replaced: spine_mobilizer
Original: East–West Flow → Replaced: east_west_flow
Original: Reclining Twist Flow → Replaced: reclining_twist_flow
Original: Strengthening Sun Salutation → Replaced: strengthening_sun_salutation
Original: Spine Mobilizer → Replaced: spine_mobilizer
Original: Hip-Freeing Dog to Plank → Replaced: hip_freeing_dog_to_plank
Original: Corkscrew Twist → Replaced: corkscrew_twist
Original: Classic Downward-Facing Dog Pose → Replaced: classic_downward_facing_dog_pose
Original: Mini Sun Salute → Replaced: mini_sun_salute
Original: Pigeon Limbering → Replaced: pigeon_limbering
Original: Cobbler’s Bridge → Replaced: cobblers_bridge
Original: Deep Forward Bend at the Wall → Replaced: deep_forward_bend_at_the_wall
Original: Mini Sun Salute → Replaced: mini_sun_salute
Original: Resting Pigeon → Replaced: resting_pigeon
Original: Kinky Cobbler’s Pose → Replaced: kinky_cobblers_pose
Original: Sun Salutation → Replaced: sun_salutation
Original: Spine-Mobilizing Lunge → Replaced: spine_mobilizing_lunge
Original: Yin Happy Baby → Replaced: yin_happy_baby
Original: Three-Step Reclining Twist → Replaced: three_step_reclining_twist
Original: East–West Flow → Replaced: east_west_flow
Original: Mini Sun Salute → Replaced: mini_sun_salute
Original: Power Squat → Replaced: power_squat
Original: Reclining Eagle Twist → Replaced: reclining_eagle_twist
Original: Reclining Eagle Twist → Replaced: reclining_eagle_twist
Original: Bow Pose Three Ways → Replaced: bow_pose_three_ways
Original: Pigeon Limbering → Replaced: pigeon_limbering
Original: Shoulder-Releasing Eagle → Replaced: shoulder_releasing_eagle
Original: Dog to Plank Flow → Replaced: dog_to_plank_flow
Original: Pigeon Pose with Scientific Stretching → Replaced: pigeon_pose_with_scientific_stretching
Original: Spine Mobilizer → Replaced: spine_mobilizer
Original: Mini Sun Salute → Replaced: mini_sun_salute
Original: Circle of Joy → Replaced: circle_of_joy
Original: Hip-Releasing Wide Child Pose → Replaced: hip_releasing_wide_child_pose
Original: Classic Downward-Facing Dog Pose → Replaced: classic_downward_facing_dog_pose
Original: Circle of Joy → Replaced: circle_of_joy
Original: Cow-Pose Spirals → Replaced: cow_pose_spirals
Original: Easy Sun Salute → Replaced: easy_sun_salute
Original: Tension-Releasing Forward Fold → Replaced: tension_releasing_forward_fold
Original: Cobbler’s Bridge → Replaced: cobblers_bridge
Original: Twisted Pigeon → Replaced: twisted_pigeon
Original: Banana Pose → Replaced: banana_pose
Original: Pigeon Crescent Pose → Replaced: pigeon_crescent_pose
Original: Yoga Swimming Bow → Replaced: yoga_swimming_bow
Original: Seated Yogic Roll-Downs → Replaced: seated_yogic_roll_downs
Original: Backbend Ripple → Replaced: backbend_ripple
Original: half-and-half dog → Replaced: half_and_half_dog
Original: quarter-dog → Replaced: quarter_dog
Original: Quarter-dog → Replaced: quarter_dog
Original: Half-and-half dog → Replaced: half_and_half_dog
Original: Pigeon Crescent Pose → Replaced: pigeon_crescent_pose
Original: Yoga Swimming Bow → Replaced: yoga_swimming_bow
Original: Seated Yogic Roll-Downs → Replaced: seated_yogic_roll_downs
Original: Backbend Ripple → Replaced: backbend_ripple
Original: Pigeon Crescent Pose → Replaced: pigeon_crescent_pose
Original: Yoga Swimming Bow → Replaced: yoga_swimming_bow
Original: Seated Yogic Roll-Downs → Replaced: seated_yogic_roll_downs
Original: Backbend Ripple → Replaced: backbend_ripple
Original: Pigeon Crescent Pose → Replaced: pigeon_crescent_pose
Original: Yoga Swimming Bow → Replaced: yoga_swimming_bow
Original: Seated Yogic Roll-Downs → Replaced: seated_yogic_roll_downs
Original: Backbend Ripple → Replaced: backbend_ripple
Original: Three-legged dog → Replaced: three_legged_dog
Original: Dog-pose split → Replaced: dog_pose_split
Original: three-legged dog → Replaced: three_legged_dog
Original: Classic Downward-Facing Dog Pose → Replaced: classic_downward_facing_dog_pose
Original: dog-pose split → Replaced: dog_pose_split
Original: Classic Downward-Facing Dog Pose → Replaced: classic_downward_facing_dog_pose
Original: Child Pose → Replaced: child_pose
Original: Pigeon Crescent Pose → Replaced: pigeon_crescent_pose
Original: Yoga Swimming Bow → Replaced: yoga_swimming_bow
Original: Seated Yogic Roll-Downs → Replaced: seated_yogic_roll_downs
Original: Backbend Ripple → Replaced: backbend_ripple
Original: Classic Downward-Facing Dog Pose → Replaced: classic_downward_facing_dog_pose
Original: Pigeon Crescent Pose → Replaced: pigeon_crescent_pose
Original: Yoga Swimming Bow → Replaced: yoga_swimming_bow
Original: Seated Yogic Roll-Downs → Replaced: seated_yogic_roll_downs
Original: Backbend Ripple → Replaced: backbend_ripple
Original: Classic Downward-Facing Dog Pose → Replaced: classic_downward_facing_dog_pose
Original: Child Pose → Replaced: child_pose
Original: Pigeon Crescent Pose → Replaced: pigeon_crescent_pose
Original: Yoga Swimming Bow → Replaced: yoga_swimming_bow
Original: Seated Yogic Roll-Downs → Replaced: seated_yogic_roll_downs
Original: Backbend Ripple → Replaced: backbend_ripple
Original: double-twist dog pose → Replaced: double_twist_dog_pose
Original: Spiralling dog → Replaced: spiralling_dog
Original: Spiralling dog → Replaced: spiralling_dog
Original: Classic Downward-Facing Dog Pose → Replaced: classic_downward_facing_dog_pose
Original: Child Pose → Replaced: child_pose
Original: Double-twist dog pose → Replaced: double_twist_dog_pose
Original: Dog-Pose Split → Replaced: dog_pose_split
Original: Pigeon Crescent Pose → Replaced: pigeon_crescent_pose
Original: Yoga Swimming Bow → Replaced: yoga_swimming_bow
Original: Seated Yogic Roll-Downs → Replaced: seated_yogic_roll_downs
Original: Backbend Ripple → Replaced: backbend_ripple
Original: Classic Downward-Facing Dog Pose → Replaced: classic_downward_facing_dog_pose
Original: Child Pose → Replaced: child_pose
Original: Pigeon Crescent Pose → Replaced: pigeon_crescent_pose
Original: Yoga Swimming Bow → Replaced: yoga_swimming_bow
Original: Seated Yogic Roll-Downs → Replaced: seated_yogic_roll_downs
Original: Backbend Ripple → Replaced: backbend_ripple
Original: Dog-Pose Split → Replaced: dog_pose_split
Original: Pigeon Crescent Pose → Replaced: pigeon_crescent_pose
Original: Yoga Swimming Bow → Replaced: yoga_swimming_bow
Original: Seated Yogic Roll-Downs → Replaced: seated_yogic_roll_downs
Original: Backbend Ripple → Replaced: backbend_ripple
Original: Dog-Pose Split → Replaced: dog_pose_split
Original: Pigeon Crescent Pose → Replaced: pigeon_crescent_pose
Original: Yoga Swimming Bow → Replaced: yoga_swimming_bow
Original: Seated Yogic Roll-Downs → Replaced: seated_yogic_roll_downs
Original: Backbend Ripple → Replaced: backbend_ripple
Original: strengthening sun salutation → Replaced: strengthening_sun_salutation
Original: salute to the moon → Replaced: salute_to_the_moon
Original: mini sun salute → Replaced: mini_sun_salute
Original: easy sun salute → Replaced: easy_sun_salute
Original: Sun Salute → Replaced: sun_salute
Original: mini sun salute → Replaced: mini_sun_salute
Original: easy sun salute → Replaced: easy_sun_salute
Original: strengthening sun salutation → Replaced: strengthening_sun_salutation
Original: salute to the moon → Replaced: salute_to_the_moon
Original: Sun salutes → Replaced: sun_salute
Original: Classic Downward-Facing Dog Pose → Replaced: classic_downward_facing_dog_pose
Original: Sun Salute → Replaced: sun_salute
Original: strengthening sun salutation → Replaced: strengthening_sun_salutation
Original: salute to the moon → Replaced: salute_to_the_moon
Original: mini sun salute → Replaced: mini_sun_salute
Original: easy sun salute → Replaced: easy_sun_salute
Original: Sun Salute → Replaced: sun_salute
Original: mini sun salute → Replaced: mini_sun_salute
Original: easy sun salute → Replaced: easy_sun_salute
Original: strengthening sun salutation → Replaced: strengthening_sun_salutation
Original: salute to the moon → Replaced: salute_to_the_moon
Original: Sun salutes → Replaced: sun_salute
Original: Classic Downward-Facing Dog Pose → Replaced: classic_downward_facing_dog_pose
Original: Sun Salute → Replaced: sun_salute
Original: Strengthening Sun Salutation → Replaced: strengthening_sun_salutation
Original: Child Pose → Replaced: child_pose
Original: Child Pose → Replaced: child_pose
Original: Sun salutes → Replaced: sun_salute
Original: Classic Downward-Facing Dog Pose → Replaced: classic_downward_facing_dog_pose
Original: Child Pose → Replaced: child_pose
Original: Sun salutes → Replaced: sun_salute
Original: Sun Salutation → Replaced: sun_salutation
Original: Classic Downward-Facing Dog Pose → Replaced: classic_downward_facing_dog_pose
Original: Sun salutes → Replaced: sun_salute
Original: Classic Downward-Facing Dog Pose → Replaced: classic_downward_facing_dog_pose
Original: Sun Salute → Replaced: sun_salute
Original: Sun salutes → Replaced: sun_salute
Original: Ocean Breath → Replaced: ocean_breath
Original: Shoulder-Releasing Forward Fold → Replaced: shoulder_releasing_forward_fold
Original: Revolved Bound Lunge → Replaced: revolved_bound_lunge
Original: Shoulder Sweeps → Replaced: shoulder_sweeps
Original: Heavenly Happy-Baby Pose → Replaced: heavenly_happy_baby_pose
Original: Shoulder-Releasing Forward Fold → Replaced: shoulder_releasing_forward_fold
Original: half-frog half-locust → Replaced: half_frog_half_locust
Original: Flying Locust → Replaced: flying_locust
Original: Restorative Twist → Replaced: restorative_twist
Original: Yin Happy Baby → Replaced: yin_happy_baby
Original: Revolved Happy Pose → Replaced: revolved_happy_pose
Original: Threaded Needle → Replaced: threaded_needle
Original: Reclining Eagle Twist → Replaced: reclining_eagle_twist
Original: Seaweed Sway → Replaced: seaweed_sway
Original: Golden Ball Warrior → Replaced: golden_ball_warrior
Original: Dragon Flow → Replaced: dragon_flow
Original: Quarter-Dog → Replaced: quarter_dog
Original: Expansive Breath Warrior → Replaced: expansive_breath_warrior
Original: Seaweed Sway → Replaced: seaweed_sway
Original: Exultant Warrior Flow → Replaced: exultant_warrior_flow
Original: Expansive Breath Warrior → Replaced: expansive_breath_warrior
Original: Kinky Cobbler’s Pose → Replaced: kinky_cobblers_pose
Original: Seaweed Sway → Replaced: seaweed_sway
Original: Bound Side-Angle Stretch → Replaced: bound_side_angle_stretch
Original: Spine-Mobilizing Lunge → Replaced: spine_mobilizing_lunge
Original: Cow-Pose Spirals → Replaced: cow_pose_spirals
Original: Shoulder-Releasing Eagle → Replaced: shoulder_releasing_eagle
Original: Standing Splits → Replaced: standing_splits
Original: Bound Side-Angle Stretch → Replaced: bound_side_angle_stretch
Original: Resting Pigeon → Replaced: resting_pigeon
Original: Shoulder-Releasing Eagle → Replaced: shoulder_releasing_eagle
Original: Bound Side-Angle Stretch → Replaced: bound_side_angle_stretch
Original: Yogic Clock → Replaced: yogic_clock
Original: Corkscrew Twist → Replaced: corkscrew_twist
Original: Seaweed Sway → Replaced: seaweed_sway
Original: Bowing Side-Angle Pose → Replaced: bowing_side_angle_pose
Original: Shoulder-Stretching Triangle → Replaced: shoulder_stretching_triangle
Original: Three-Step Reclining Twist → Replaced: three_step_reclining_twist
Original: Flying Locust → Replaced: flying_locust
Original: Deep Forward Bend at the Wall → Replaced: deep_forward_bend_at_the_wall
Original: East–West Flow → Replaced: east_west_flow
Original: Blissful Banana → Replaced: blissful_banana
Original: Shoulder-Releasing Eagle → Replaced: shoulder_releasing_eagle
Original: Flying Warrior → Replaced: flying_warrior
Original: Shoulder Sweeps → Replaced: shoulder_sweeps
Original: Twisty Tree → Replaced: twisty_tree
Original: Revolved Half-Moon Flow → Replaced: revolved_half_moon_flow
Original: Classic Downward-Facing Dog Pose → Replaced: classic_downward_facing_dog_pose
Original: Revolved Half-Moon Flow → Replaced: revolved_half_moon_flow
Original: Cobbler’s Bridge → Replaced: cobblers_bridge
Original: Sage Pose with Neck Releases → Replaced: sage_pose_with_neck_releases
Original: Dragon Flow → Replaced: dragon_flow
Original: East–West Flow → Replaced: east_west_flow
Original: Twisty Tree → Replaced: twisty_tree
Original: Seaweed Sway → Replaced: seaweed_sway
Original: Standing Splits → Replaced: standing_splits
Original: Spine Mobilizer → Replaced: spine_mobilizer
Original: Three-Step Shoulder Release → Replaced: three_step_shoulder_release
Original: Three-Up Bridge Pose → Replaced: three_up_bridge_pose
Original: Pyramid Prayer → Replaced: pyramid_prayer
Original: Half-Reverse Prayer → Replaced: half_reverse_prayer
Original: Hip-Releasing Wide Child Pose → Replaced: hip_releasing_wide_child_pose
Original: Flying Warrior → Replaced: flying_warrior
Original: Cow-Pose Spirals → Replaced: cow_pose_spirals
Original: Dancer’s Bow → Replaced: dancers_bow
Original: Standing Splits → Replaced: standing_splits
Original: Reclining Eagle Twist → Replaced: reclining_eagle_twist
Original: Sugar-Cane Goddess Pose → Replaced: sugar_cane_goddess_pose
Original: Standing Splits → Replaced: standing_splits
Original: Dancer’s Bow → Replaced: dancers_bow
Original: Gate Pose with Side Bow → Replaced: gate_pose_with_side_bow
Original: Half-and-Half Dog → Replaced: half_and_half_dog
Original: Cobbler’s Bridge → Replaced: cobblers_bridge
Original: Intense Reclining Side-Stretch → Replaced: intense_reclining_side_stretch
Original: Tension-Releasing Forward Fold → Replaced: tension_releasing_forward_fold
Original: Backbend Ripple → Replaced: backbend_ripple
Original: Dancer’s Bow → Replaced: dancers_bow
Original: Dancer’s Bow → Replaced: dancers_bow
Original: Revolved Happy Pose → Replaced: revolved_happy_pose
Original: Bow Pose Three Ways → Replaced: bow_pose_three_ways
Original: Gate Pose with Side Bow → Replaced: gate_pose_with_side_bow
Original: Banana Pose → Replaced: banana_pose
Original: Locust Sway → Replaced: locust_sway
Original: Power Squat → Replaced: power_squat
Original: Head-Beyond-the-Knee Pose → Replaced: head_beyond_the_knee_pose
Original: Restorative Twist → Replaced: restorative_twist
Original: Eagle Shoulder Stretch → Replaced: eagle_shoulder_stretch
Original: Cow-Pose Spirals → Replaced: cow_pose_spirals
Original: Shoulder Sweeps → Replaced: shoulder_sweeps
Original: Quarter-Dog → Replaced: quarter_dog
Original: Yin Child with a Twist → Replaced: yin_child_with_a_twist
Original: Half-Reverse Prayer → Replaced: half_reverse_prayer
Original: Circle of Joy → Replaced: circle_of_joy
Original: Blissful Banana → Replaced: blissful_banana
Original: Tiger Flow → Replaced: tiger_flow
Original: Sage Pose with Neck Releases → Replaced: sage_pose_with_neck_releases
Original: Circle of Joy → Replaced: circle_of_joy
Original: Eagle Shoulder Stretch → Replaced: eagle_shoulder_stretch
Original: Playful Shoulder Release → Replaced: playful_shoulder_release
Original: Crocodile Build-Up → Replaced: crocodile_build_up
Original: Shoulder-Loving Cobra → Replaced: shoulder_loving_cobra
Original: Shoulder Sweeps → Replaced: shoulder_sweeps
Original: Dancer’s Bow → Replaced: dancers_bow
Original: Forearm Balance → Replaced: forearm_balance
Original: Quarter-Dog → Replaced: quarter_dog
Original: Seaweed Sway → Replaced: seaweed_sway
Original: Hip-Releasing Wide Child Pose → Replaced: hip_releasing_wide_child_pose
Original: Twisted Pigeon → Replaced: twisted_pigeon
Original: Shoulder Sweeps → Replaced: shoulder_sweeps
Original: Banana Pose → Replaced: banana_pose
Original: Crocodile Poses → Replaced: crocodile_pose
Original: Crocodile pose → Replaced: crocodile_pose
Original: Yin Shoulder Stretches → Replaced: yin_shoulder_stretches
Original: Crow to Plank Jump-Backs → Replaced: crow_to_plank_jump_backs
Original: Tiger Flow → Replaced: tiger_flow
Original: Basic Shoulder-Stand → Replaced: basic_shoulder_stand
Original: Crocodile Poses → Replaced: crocodile_pose
Original: Crocodile pose → Replaced: crocodile_pose
Original: Yin Shoulder Stretches → Replaced: yin_shoulder_stretches
Original: Crow to Plank Jump-Backs → Replaced: crow_to_plank_jump_backs
Original: Tiger Flow → Replaced: tiger_flow
Original: Basic Shoulder-Stand → Replaced: basic_shoulder_stand
Original: Crow Pose → Replaced: crow_pose
Original: Crow Pose → Replaced: crow_pose
Original: Crow Pose → Replaced: crow_pose
Original: Crow Pose → Replaced: crow_pose
Original: Crow Pose → Replaced: crow_pose
Original: Crow Pose → Replaced: crow_pose
Original: Crow Pose → Replaced: crow_pose
Original: forearm balance → Replaced: forearm_balance
Original: Spine-Mobilizing Lunge → Replaced: spine_mobilizing_lunge
Original: Crow to Plank Jump-Backs → Replaced: crow_to_plank_jump_backs
Original: Open Squat Twist → Replaced: open_squat_twist
Original: Classic Downward-Facing Dog Pose → Replaced: classic_downward_facing_dog_pose
Original: Crow pose → Replaced: crow_pose
Original: Yin Shoulder Stretches → Replaced: yin_shoulder_stretches
Original: Tripod to One-Legged Crow Pose → Replaced: tripod_to_one_legged_crow_pose
Original: Crocodile Build-Up → Replaced: crocodile_build_up
Original: Baby Crow → Replaced: baby_crow
Original: Corkscrew Twist → Replaced: corkscrew_twist
Original: Dancing Bridge → Replaced: dancing_bridge
Original: Dancer’s Bow → Replaced: dancers_bow
Original: East–West Flow → Replaced: east_west_flow
Original: Reclining Eagle Twist → Replaced: reclining_eagle_twist
Original: Reclining Eagle Twist → Replaced: reclining_eagle_twist
Original: Hip-Opening Heron Pose → Replaced: hip_opening_heron_pose
Original: Head-Beyond-the-Knee Pose → Replaced: head_beyond_the_knee_pose
Original: Resting Cobbler’s Poses → Replaced: resting_cobblers_pose
Original: half-frog half-locust → Replaced: half_frog_half_locust
Original: Deep Forward Bend at the Wall → Replaced: deep_forward_bend_at_the_wall
Original: Easy Sun Salute → Replaced: easy_sun_salute
Original: Banana Pose → Replaced: banana_pose
Original: Happy Baby → Replaced: happy_baby
Original: Three-Up Bridge Pose → Replaced: three_up_bridge_pose
Original: Half-Lotus Balance → Replaced: half_lotus_balance
Original: Hip-Releasing Wide Child Pose → Replaced: hip_releasing_wide_child_pose
Original: East–West Flow → Replaced: east_west_flow
Original: Flying Locust → Replaced: flying_locust
Original: Half-Lotus Balance → Replaced: half_lotus_balance
Original: Standing Splits → Replaced: standing_splits
Original: East–West Flow → Replaced: east_west_flow
Original: Cobbler’s Bridge → Replaced: cobblers_bridge
Original: Hip-Opening Heron Pose → Replaced: hip_opening_heron_pose
Original: Pyramid Prayer → Replaced: pyramid_prayer
Original: Cow-Pose Spirals → Replaced: cow_pose_spirals
Original: Twisted Pigeon → Replaced: twisted_pigeon
Original: Yin Dragon Lunge → Replaced: yin_dragon_lunge
Original: Bound Side-Angle Stretch → Replaced: bound_side_angle_stretch
Original: Reclining Eagle Twist → Replaced: reclining_eagle_twist
Original: Hip-Opening Heron Pose → Replaced: hip_opening_heron_pose
Original: Yoga Swimming Bow → Replaced: yoga_swimming_bow
Original: Seated Yogic Roll-Downs → Replaced: seated_yogic_roll_downs
Original: Head-Beyond-the-Knee Pose → Replaced: head_beyond_the_knee_pose
Original: Reclining Eagle Twist → Replaced: reclining_eagle_twist
Original: Seated Yogic Roll-Downs → Replaced: seated_yogic_roll_downs
Original: Revolved Bound Lunge → Replaced: revolved_bound_lunge
Original: Shoulder Sweeps → Replaced: shoulder_sweeps
Original: Gate Pose Flow → Replaced: gate_pose_flow
Original: Dancing Bridge → Replaced: dancing_bridge
Original: Twisted Pigeon → Replaced: twisted_pigeon
Original: Spine-Mobilizing Lunge → Replaced: spine_mobilizing_lunge
Original: Backbend Ripple → Replaced: backbend_ripple
Original: Cow-Pose Spirals → Replaced: cow_pose_spirals
Original: Seated Yogic Roll-Downs → Replaced: seated_yogic_roll_downs
Original: Intense Reclining Side-Stretch → Replaced: intense_reclining_side_stretch
Original: Spine Mobilizer → Replaced: spine_mobilizer
Original: Tiger Flow → Replaced: tiger_flow
Original: Three-Up Bridge Pose → Replaced: three_up_bridge_pose
Original: Threaded Needle → Replaced: threaded_needle
Original: Magical Shoulder and Neck Release → Replaced: magical_shoulder_and_neck_release
Original: Kinky Cobbler’s Pose → Replaced: kinky_cobblers_pose
Original: Seated Yogic Roll-Downs → Replaced: seated_yogic_roll_downs
Original: Twisted Pigeon → Replaced: twisted_pigeon
Original: Side-Angle Pose → Replaced: side_angle_pose
Original: Seated Rotated Gate → Replaced: seated_rotated_gate
Original: threaded needle → Replaced: threaded_needle
Original: Dancing Bridge → Replaced: dancing_bridge
Original: Reclining Eagle Twist → Replaced: reclining_eagle_twist
Original: Open Squat Twist → Replaced: open_squat_twist
Original: Prayer Sweeps → Replaced: prayer_sweeps
Original: Yin Happy Baby → Replaced: yin_happy_baby
Original: Pigeon Crescent Pose → Replaced: pigeon_crescent_pose
Original: Pigeon Pose with Scientific Stretching → Replaced: pigeon_pose_with_scientific_stretching
Original: Resting Cobbler’s Poses → Replaced: resting_cobblers_pose
Original: Side- Angle Pose → Replaced: side_angle_pose
Original: Head-Beyond-the-Knee Pose → Replaced: head_beyond_the_knee_pose
Original: Bowing Side-Angle Pose → Replaced: bowing_side_angle_pose
Original: Exultant Warrior Flow → Replaced: exultant_warrior_flow
Original: Backbend Ripple → Replaced: backbend_ripple
Original: half-frog half-locust → Replaced: half_frog_half_locust
Original: Intense Reclining Side-Stretch → Replaced: intense_reclining_side_stretch
Original: Dragon Flow → Replaced: dragon_flow
Original: Resting Pigeon → Replaced: resting_pigeon
Original: strengthening sun salutation → Replaced: strengthening_sun_salutation
Original: Seated Rotated Gate → Replaced: seated_rotated_gate
Original: Core-Activating Plank Flow → Replaced: core_activating_plank_flow
Original: Seated Yogic Roll-Downs → Replaced: seated_yogic_roll_downs
Original: Restorative Twist → Replaced: restorative_twist
Original: Yin Happy Baby → Replaced: yin_happy_baby
Original: Plough-Pose Lifts → Replaced: plough_pose_lifts
Original: Prayer Sweeps → Replaced: prayer_sweeps
Original: Blissful Banana → Replaced: blissful_banana
Original: Seated Yogic Roll-Downs → Replaced: seated_yogic_roll_downs
Original: Intense Reclining Side-Stretch → Replaced: intense_reclining_side_stretch
Original: Reclining Eagle Twist → Replaced: reclining_eagle_twist
Original: Happy-Baby → Replaced: happy_baby
Original: Yoga Swimming Bow → Replaced: yoga_swimming_bow
Original: Bound Side-Angle Stretch → Replaced: bound_side_angle_stretch
Original: Corkscrew Twist → Replaced: corkscrew_twist
Original: Hip-Releasing Wide Child Pose → Replaced: hip_releasing_wide_child_pose
Original: Prayer Sweeps → Replaced: prayer_sweeps
Original: Tiger Flow → Replaced: tiger_flow
Original: Expansive Breath Warrior → Replaced: expansive_breath_warrior
Original: Reclining Eagle Twist → Replaced: reclining_eagle_twist
Original: Core-Activating Plank Flow → Replaced: core_activating_plank_flow
Original: Spine Mobilizer → Replaced: spine_mobilizer
Original: Corkscrew Twist → Replaced: corkscrew_twist
Original: Locust Sway → Replaced: locust_sway
Original: Dog to Plank Flow → Replaced: dog_to_plank_flow
Original: Yogic Compass → Replaced: yogic_compass
Original: Blissful Banana → Replaced: blissful_banana
Original: Hip-Releasing Wide Child Pose → Replaced: hip_releasing_wide_child_pose
Original: Hip-Freeing Dog to Plank → Replaced: hip_freeing_dog_to_plank
Original: Flying Locust → Replaced: flying_locust
Original: Kinky Cobbler’s Pose → Replaced: kinky_cobblers_pose
Original: Basic Shoulder-Stand → Replaced: basic_shoulder_stand
Original: Prayer Sweeps → Replaced: prayer_sweeps
Original: Bow Pose Three Ways → Replaced: bow_pose_three_ways
Original: Basic Shoulder-Stand → Replaced: basic_shoulder_stand
Original: Tiger Flow → Replaced: tiger_flow
Original: Reclining Eagle Twist → Replaced: reclining_eagle_twist
Original: Classic Downward-Facing Dog Pose → Replaced: classic_downward_facing_dog_pose
Original: Pigeon Limbering → Replaced: pigeon_limbering
Original: Inclined Plane Pose → Replaced: inclined_plane_pose
Original: Seated Yogic Roll-Downs → Replaced: seated_yogic_roll_downs
Original: Resting Cobbler’s Poses → Replaced: resting_cobblers_pose
Original: Classic Downward-Facing Dog Pose → Replaced: classic_downward_facing_dog_pose
Original: Gate Pose with Side Bow → Replaced: gate_pose_with_side_bow
Original: Strengthening Sun Salutation → Replaced: strengthening_sun_salutation
Original: Tiger Flow → Replaced: tiger_flow
Original: Wide-Legged Spirals → Replaced: wide_legged_spirals
Original: Child Pose → Replaced: child_pose
Original: Classic Downward-Facing Dog Pose → Replaced: classic_downward_facing_dog_pose
Original: Cow-Pose Spirals → Replaced: cow_pose_spirals
Original: Power Squat → Replaced: power_squat
Original: Spine-Mobilizing Lunge → Replaced: spine_mobilizing_lunge
Original: Pigeon Limbering → Replaced: pigeon_limbering
Original: Ocean Breath → Replaced: ocean_breath
Original: Shoulder-Releasing Eagle → Replaced: shoulder_releasing_eagle
Original: Yin Frog → Replaced: yin_frog
Original: Hip-Releasing Wide Child Pose → Replaced: hip_releasing_wide_child_pose
Original: Reclining Eagle Twist → Replaced: reclining_eagle_twist
Original: Locust Sway → Replaced: locust_sway
Original: Standing Splits → Replaced: standing_splits
Original: Seaweed Sway → Replaced: seaweed_sway
Original: slinky shoulders gleeful glutes → Replaced: slinky_shoulders_gleeful_glutes
Original: Heavenly Happy-Baby Pose → Replaced: heavenly_happy_baby_pose
Original: Revolved Bound Lunge → Replaced: revolved_bound_lunge
Original: Hip-Freeing Dog to Plank → Replaced: hip_freeing_dog_to_plank
Original: Resting Cobbler’s Poses → Replaced: resting_cobblers_pose
Original: pigeon pose with scientific stretching → Replaced: pigeon_pose_with_scientific_stretching
Original: Pigeon Crescent Pose → Replaced: pigeon_crescent_pose
Original: Seated Rotated Gate → Replaced: seated_rotated_gate
Original: One-Legged Upward-Facing Bow → Replaced: one_legged_upward_facing_bow
Original: Twisted Pigeon → Replaced: twisted_pigeon
Original: Restorative Forward Bends → Replaced: restorative_forward_bends
Original: Pigeon Pose → Replaced: pigeon_pose
Original: Pigeon Pose → Replaced: pigeon_pose
Original: Spine-Mobilizing Lunge → Replaced: spine_mobilizing_lunge
Original: Pigeon Crescent Pose → Replaced: pigeon_crescent_pose
Original: Pigeon Limbering → Replaced: pigeon_limbering
Original: Head-Beyond-the-Knee Pose → Replaced: head_beyond_the_knee_pose
Original: Yin Happy Baby → Replaced: yin_happy_baby
Original: shoelace pose → Replaced: shoelace_pose
Original: Shoulder-Releasing Eagle → Replaced: shoulder_releasing_eagle
Original: Blissful Banana → Replaced: blissful_banana
Original: Yin Shoulder Stretches → Replaced: yin_shoulder_stretches
Original: Three-Up Bridge Pose → Replaced: three_up_bridge_pose
Original: Shoulder Sweeps → Replaced: shoulder_sweeps
Original: Heavenly Happy-Baby Pose → Replaced: heavenly_happy_baby_pose
Original: Revolved Happy Pose → Replaced: revolved_happy_pose
Original: half-frog half-locust → Replaced: half_frog_half_locust
Original: Flying Locust → Replaced: flying_locust
Original: Wide-Legged Spirals → Replaced: wide_legged_spirals
Original: Sage Pose with Neck Releases → Replaced: sage_pose_with_neck_releases
Original: Pigeon Crescent Pose → Replaced: pigeon_crescent_pose
Original: Japanese Back-Strengthener → Replaced: japanese_back_strengthener
Original: Three-Step Reclining Twist → Replaced: three_step_reclining_twist
Original: Threaded Needle → Replaced: threaded_needle
Original: Dancer’s Bow → Replaced: dancers_bow
Original: East–West Flow → Replaced: east_west_flow
Original: Starter Headstand → Replaced: starter_headstand
Original: Bound Side-Angle Stretch → Replaced: bound_side_angle_stretch
Original: One-Legged Upward-Facing Bow → Replaced: one_legged_upward_facing_bow
Original: Strengthening Sun Salutation → Replaced: strengthening_sun_salutation
Original: Shoulder-Releasing Forward Fold → Replaced: shoulder_releasing_forward_fold
Original: Child Pose → Replaced: child_pose
Original: Plough-Pose Lifts → Replaced: plough_pose_lifts
Original: Three-Up Bridge Pose → Replaced: three_up_bridge_pose
Original: Tiger Flow → Replaced: tiger_flow
Original: Seaweed Sway → Replaced: seaweed_sway
Original: Pigeon Pose → Replaced: pigeon_pose
Original: Pigeon Crescent Pose → Replaced: pigeon_crescent_pose
Original: Pigeon Pose → Replaced: pigeon_pose
Original: Seated Rotated Gate → Replaced: seated_rotated_gate
Original: One-Legged Upward-Facing Bow → Replaced: one_legged_upward_facing_bow
Original: Twisted Pigeon → Replaced: twisted_pigeon
Original: Restorative Forward Bends → Replaced: restorative_forward_bends
Original: Heavenly Happy-Baby Pose → Replaced: heavenly_happy_baby_pose
Original: Sugar-Cane Goddess Pose → Replaced: sugar_cane_goddess_pose
Original: Salute to the Moon → Replaced: salute_to_the_moon
Original: Restorative Twist → Replaced: restorative_twist
Original: Kinky Cobbler’s Pose → Replaced: kinky_cobblers_pose
Original: One-Legged Upward-Facing Bow → Replaced: one_legged_upward_facing_bow
Original: Shoulder-Loving Cobra → Replaced: shoulder_loving_cobra
Original: Cow-Pose Spirals → Replaced: cow_pose_spirals
Original: Three-Step Reclining Twist → Replaced: three_step_reclining_twist
Original: Drop-Backs → Replaced: drop_backs
Original: Strengthening Sun Salutation → Replaced: strengthening_sun_salutation
Original: Sage Pose with Neck Releases → Replaced: sage_pose_with_neck_releases
Original: Pyramid Prayer → Replaced: pyramid_prayer
Original: Yin Happy Baby → Replaced: yin_happy_baby
Original: Seated Rotated Gate → Replaced: seated_rotated_gate
Original: Reclining Eagle Twist → Replaced: reclining_eagle_twist
Original: Pigeon Crescent Pose → Replaced: pigeon_crescent_pose
Original: Strengthening Sun Salutation → Replaced: strengthening_sun_salutation
Original: One-Legged Upward-Facing Bow → Replaced: one_legged_upward_facing_bow
Original: Restorative Forward Bends → Replaced: restorative_forward_bends
Original: Seated Rotated Gate → Replaced: seated_rotated_gate
Original: Starter Shoulder-Stand → Replaced: starter_shoulder_stand
Original: Kinky Cobbler’s Pose → Replaced: kinky_cobblers_pose
Original: Basic Shoulder-Stand → Replaced: basic_shoulder_stand
Original: Seated Neck Stretch and Strengthen → Replaced: seated_neck_stretch_and_strengthen
Original: Restorative Twist → Replaced: restorative_twist
Original: Starter Shoulder-Stand → Replaced: starter_shoulder_stand
Original: Neck Releases After Inversions → Replaced: neck_releases_after_inversions
Original: Neck Releases after Inversions → Replaced: neck_releases_after_inversions
Original: Plough-Pose Lifts → Replaced: plough_pose_lifts
Original: Starter Shoulder-Stand → Replaced: starter_shoulder_stand
Original: Head-Beyond-the-Knee Pose → Replaced: head_beyond_the_knee_pose
Original: half-lotus plough → Replaced: half_lotus_plough
Original: Plough pose → Replaced: plough_pose
Original: spider pose → Replaced: spider_pose
Original: Neck Releases after Inversions → Replaced: neck_releases_after_inversions
Original: Basic Headstand → Replaced: basic_headstand
Original: Basic Shoulder-Stand → Replaced: basic_shoulder_stand
Original: Three-Step Reclining Twist → Replaced: three_step_reclining_twist
Original: half-lotus plough → Replaced: half_lotus_plough
Original: plough pose → Replaced: plough_pose
Original: spider pose → Replaced: spider_pose
Original: Neck Releases after Inversions → Replaced: neck_releases_after_inversions
Original: Basic Headstand → Replaced: basic_headstand
Original: Basic Shoulder-Stand → Replaced: basic_shoulder_stand
Original: Three-Step Reclining Twist → Replaced: three_step_reclining_twist
Original: half-lotus plough → Replaced: half_lotus_plough
Original: plough pose → Replaced: plough_pose
Original: spider pose → Replaced: spider_pose
Original: Plough Pose → Replaced: plough_pose
Original: Plough Pose → Replaced: plough_pose
Original: Neck Releases after Inversions → Replaced: neck_releases_after_inversions
Original: Basic Headstand → Replaced: basic_headstand
Original: Basic Shoulder-Stand → Replaced: basic_shoulder_stand
Original: Three-Step Reclining Twist → Replaced: three_step_reclining_twist
Original: Plough Pose → Replaced: plough_pose
Original: Head-Beyond- the-Knee Pose → Replaced: head_beyond_the_knee_pose
Original: Child Pose → Replaced: child_pose
Original: Child Pose → Replaced: child_pose
Original: Child Pose → Replaced: child_pose
Original: Child Pose → Replaced: child_pose
Original: Neck Releases after Inversions → Replaced: neck_releases_after_inversions
Original: Basic Headstand → Replaced: basic_headstand
Original: Seated Neck Stretch and Strengthen → Replaced: seated_neck_stretch_and_strengthen
Original: Restorative Twist → Replaced: restorative_twist
Original: Seated Rotated Gate → Replaced: seated_rotated_gate
Original: Basic Headstand → Replaced: basic_headstand
Original: Starter Handstand → Replaced: starter_handstand
Original: Restorative Forward Bends → Replaced: restorative_forward_bends
Original: Child Pose → Replaced: child_pose
Original: Neck Releases after Inversions → Replaced: neck_releases_after_inversions
Original: Tripod to One-Legged Crow Pose → Replaced: tripod_to_one_legged_crow_pose
Original: Seated Neck Stretch and Strengthen → Replaced: seated_neck_stretch_and_strengthen
Original: Headless Headstand → Replaced: headless_headstand
Original: Starter Headstand → Replaced: starter_headstand
Original: Legs-up-the-Wall Pose → Replaced: legs_up_the_wall_pose
Original: Basic Headstand → Replaced: basic_headstand
Original: Basic Headstand → Replaced: basic_headstand
Original: Basic Headstand → Replaced: basic_headstand
Original: Child Pose → Replaced: child_pose
Original: Forearm Balance → Replaced: forearm_balance
Original: Seated Neck Stretch and Strengthen → Replaced: seated_neck_stretch_and_strengthen
Original: dog_to_plank_flow → Replaced: dog_to_plank_flow
Original: Basic Headstand → Replaced: basic_headstand
Original: Neck Releases after Inversions → Replaced: neck_releases_after_inversions
Original: Corkscrew Twist → Replaced: corkscrew_twist
Original: Classic Downward-Facing Dog Pose → Replaced: classic_downward_facing_dog_pose
Original: Starter Handstand → Replaced: starter_handstand
Original: Child Pose → Replaced: child_pose
Original: Seated Rotated Gate → Replaced: seated_rotated_gate
Original: Handstand at the Wall → Replaced: handstand_at_the_wall
Original: Dog to Plank Flow → Replaced: dog_to_plank_flow
Original: Resting Cobbler’s Poses → Replaced: resting_cobblers_pose
Original: Classic Downward- Facing Dog Pose → Replaced: classic_downward_facing_dog_pose
Original: Child Pose → Replaced: child_pose
Original: Yin Child with a Twist → Replaced: yin_child_with_a_twist
Original: Forearm Balance → Replaced: forearm_balance
Original: Plough-Pose Lifts → Replaced: plough_pose_lifts
Original: Resting Pigeon → Replaced: resting_pigeon
Original: Three-Legged Dogs → Replaced: three_legged_dogs
Original: three_legged_dogs → Replaced: three_legged_dogs
Original: Pyramid Prayer → Replaced: pyramid_prayer
Original: Forearm Balance → Replaced: forearm_balance
Original: Child Pose → Replaced: child_pose
Original: Reclining Eagle Twist → Replaced: reclining_eagle_twist
Original: One-Legged Upward-Facing Bow → Replaced: one_legged_upward_facing_bow
Original: Seated Yogic Roll-Downs → Replaced: seated_yogic_roll_downs
Original: Three-Legged Dog → Replaced: three_legged_dog
Original: Pyramid Prayer → Replaced: pyramid_prayer
Original: Yin Shoulder Stretches → Replaced: yin_shoulder_stretches
Original: Basic Headstand → Replaced: basic_headstand
Original: Tripod Pose → Replaced: tripod_pose
Original: Crow Pose → Replaced: crow_pose
Original: Tripod Pose → Replaced: tripod_pose
Original: Crow Pose → Replaced: crow_pose
Original: Tripod Pose → Replaced: tripod_pose
Original: Crow Pose → Replaced: crow_pose
Original: Crow Pose → Replaced: crow_pose
Original: Neck Releases after Inversions → Replaced: neck_releases_after_inversions
Original: Forearm Balance → Replaced: forearm_balance
Original: Tripod Pose → Replaced: tripod_pose
Original: Seated Yogic Roll-Downs → Replaced: seated_yogic_roll_downs
Original: Basic Headstand → Replaced: basic_headstand
Original: Crow Pose → Replaced: crow_pose
Original: Revolved Happy Pose → Replaced: revolved_happy_pose
Original: Basic Headstand → Replaced: basic_headstand
Original: Tripod Pose → Replaced: tripod_pose
Original: Crow Pose → Replaced: crow_pose
Original: Crow Pose → Replaced: crow_pose
Original: Crow Pose → Replaced: crow_pose
Original: Neck Releases after Inversions → Replaced: neck_releases_after_inversions
Original: Forearm Balance → Replaced: forearm_balance
Original: Tripod Pose → Replaced: tripod_pose
Original: Seated Yogic Roll-Downs → Replaced: seated_yogic_roll_downs
Original: Basic Headstand → Replaced: basic_headstand
Original: Crow Pose → Replaced: crow_pose
Original: Revolved Happy Pose → Replaced: revolved_happy_pose
Original: Basic Headstand → Replaced: basic_headstand
Original: Tripod Pose → Replaced: tripod_pose
Original: Crow Pose → Replaced: crow_pose
Original: Tripod Pose → Replaced: tripod_pose
Original: Crow Pose → Replaced: crow_pose
Original: Tripod Pose → Replaced: tripod_pose
Original: Neck Releases after Inversions → Replaced: neck_releases_after_inversions
Original: Forearm Balance → Replaced: forearm_balance
Original: Tripod Pose → Replaced: tripod_pose
Original: Seated Yogic Roll-Downs → Replaced: seated_yogic_roll_downs
Original: Basic Headstand → Replaced: basic_headstand
Original: Crow Pose → Replaced: crow_pose
Original: Revolved Happy Pose → Replaced: revolved_happy_pose
Original: cobbler’s pose over two crossed bolsters → Replaced: cobblers_pose_over_two_crossed_bolsters
Original: bound cobbler’s pose → Replaced: bound_cobblers_pose
Original: Cobbler’s pose over two crossed bolsters → Replaced: cobblers_pose_over_two_crossed_bolsters
Original: Bound cobbler’s pose → Replaced: bound_cobblers_pose
Original: Child Pose → Replaced: child_pose
Original: basic child pose → Replaced: basic_child_pose
Original: supported child pose → Replaced: supported_child_pose
Original: elevated child pose → Replaced: elevated_child_pose
Original: Child Pose → Replaced: child_pose
Original: Child Poses → Replaced: child_pose
Original: Child Pose → Replaced: child_pose
Original: basic child pose → Replaced: basic_child_pose
Original: Child Pose → Replaced: child_pose
Original: Child Poses → Replaced: child_pose
Original: Child Pose → Replaced: child_pose
Original: elevated child pose → Replaced: elevated_child_pose
Original: Child Pose → Replaced: child_pose
Original: Child Poses → Replaced: child_pose
Original: Child Pose → Replaced: child_pose
Original: supported child pose → Replaced: supported_child_pose
Original: Child Pose → Replaced: child_pose
Original: Child Poses → Replaced: child_pose
Original: Rectangular Breath → Replaced: rectangular_breath
Original: simple restorative twist → Replaced: simple_restorative_twist
Original: restorative twists → Replaced: restorative_twist
Original: restorative twists → Replaced: restorative_twist
Original: restorative twists → Replaced: restorative_twist
Original: side-lying savasana → Replaced: side_lying_savasana
Original: simple restorative twist → Replaced: simple_restorative_twist
Original: restorative eagle twist → Replaced: restorative_eagle_twist
Original: restorative twists → Replaced: restorative_twist
Original: Pigeon Pose → Replaced: pigeon_pose
Original: Resting Pigeon → Replaced: resting_pigeon
Original: head-beyond-the-knee pose → Replaced: head_beyond_the_knee_pose
Original: Reclining Eagle Twist → Replaced: reclining_eagle_twist
Original: Resting Cobbler’s Poses → Replaced: resting_cobblers_pose
Original: Yin Happy Baby → Replaced: yin_happy_baby
Original: sphinx pose → Replaced: sphinx_pose
Original: sphinx pose → Replaced: sphinx_pose
Original: seal pose → Replaced: seal_pose
Original: seal pose → Replaced: seal_pose
Original: Reclining Twist Flow → Replaced: reclining_twist_flow
Original: Basic Child Pose → Replaced: basic_child_pose
Original: Child Pose → Replaced: child_pose
Original: sphinx pose → Replaced: sphinx_pose
Original: sphinx pose → Replaced: sphinx_pose
Original: seal pose → Replaced: seal_pose
Original: sphinx pose → Replaced: sphinx_pose
Original: Reclining Twist Flow → Replaced: reclining_twist_flow
Original: Basic Child Pose → Replaced: basic_child_pose
Original: Child Pose → Replaced: child_pose
Original: yin child with a twist → Replaced: yin_child_with_a_twist
Original: yin child → Replaced: yin_child
Original: Yin Child with a Twist → Replaced: yin_child_with_a_twist
Original: Starter Headstand → Replaced: starter_headstand
Original: yin child with a twist → Replaced: yin_child_with_a_twist
Original: yin child with a twist → Replaced: yin_child_with_a_twist
Original: yin child → Replaced: yin_child
Original: Yin Child → Replaced: yin_child
Original: Child pose → Replaced: child_pose
Original: Starter Headstand → Replaced: starter_headstand
Original: Half Shoelace → Replaced: half_shoelace
Original: Full Shoelace → Replaced: full_shoelace
Original: Shoelace pose → Replaced: shoelace_pose
Original: shoelace pose → Replaced: shoelace_pose
Original: Half Shoelace → Replaced: half_shoelace
Original: Full Shoelace → Replaced: full_shoelace
Original: Shoelace pose → Replaced: shoelace_pose
Original: shoelace pose → Replaced: shoelace_pose
Original: Half Shoelace → Replaced: half_shoelace
Original: Full Shoelace → Replaced: full_shoelace
Original: Shoelace pose → Replaced: shoelace_pose
Original: shoelace pose → Replaced: shoelace_pose
Original: yin happy baby → Replaced: yin_happy_baby
Original: happy baby → Replaced: happy_baby
Original: Yin Happy Baby → Replaced: yin_happy_baby
Original: Yin Happy Baby → Replaced: yin_happy_baby
Original: Yin Happy Baby → Replaced: yin_happy_baby
Original: happy baby → Replaced: happy_baby
Original: Yin Happy Baby → Replaced: yin_happy_baby
Original: Classic Downward-Facing Dog Pose → Replaced: classic_downward_facing_dog_pose
Original: Reclining Eagle Twist → Replaced: reclining_eagle_twist
Original: Basic Child Pose → Replaced: basic_child_pose
Original: Yin Child with a Twist → Replaced: yin_child_with_a_twist
Original: Basic Child Pose → Replaced: basic_child_pose
Original: Ocean Breath → Replaced: ocean_breath
Original: Ocean Breath → Replaced: ocean_breath
Original: Ocean Breath → Replaced: ocean_breath
Original: Mindfulness meditation → Replaced: mindfulness_meditation
Original: Mindfulness meditation → Replaced: mindfulness_meditation
Original: Mindfulness Meditation → Replaced: mindfulness_meditation
Original: Loving-Kindness Meditation → Replaced: loving_kindness_meditation
